INFO:root:0.012727536508462619: [2.49323762e+02 1.32701544e+05 9.52866959e+03 5.78128179e-02
 3.60587158e-01 3.07663455e-01 8.03487863e-01 4.99743745e-01
 1.99367637e-01 6.10709504e-02 5.73901613e-01 4.32411815e-01
 1.30973683e-01 7.97574511e-01]
INFO:root:0.008261388985214061: [2.40991953e+05 7.36406582e+04 3.80523221e+04 4.52273516e-01
 7.00519110e-02 3.42136134e-01 2.67332244e-01 7.55559036e-01
 7.31222308e-05 2.74373092e-01 9.76143324e-01 2.87856896e-01
 7.27515602e-01 4.90257323e-01]
INFO:root:

Result found!!
=================================================
INFO:root:[2.42477212e+05 7.32211736e+04 2.16162965e+02 6.78183349e-01
 4.70795312e-02 3.91924163e-01 4.16119064e-01 4.70033147e-01
 7.92312261e-04 5.03994156e-01 9.57142898e-01 2.94645990e-01
 4.94679428e-01 3.99250850e-01]
INFO:root:810212549.928746
INFO:root:

Solver info:
     fun: 810212549.928746
     jac: array([ 3.75426977e+04,  1.08248873e+05,  3.25441102e+04, -4.99343870e+06,
       -6.97742462e+07,  8.14557076e+04,  1.10316277e+05,  1.47672653e+07,
       -5.80617061e+09,  3.40371369e+07, -1.86890363e+06,  2.07520247e+07,
        1.23930931e+07,  1.16357446e+07])
 message: 'Maximum number of iterations has been exceeded.'
    nfev: 5535
     nit: 2
 success: False
       x: array([2.42477212e+05, 7.32211736e+04, 2.16162965e+02, 6.78183349e-01,
       4.70795312e-02, 3.91924163e-01, 4.16119064e-01, 4.70033147e-01,
       7.92312261e-04, 5.03994156e-01, 9.57142898e-01, 2.94645990e-01,
       4.94679428e-01, 3.99250850e-01])
